
Showing logs for build [32mcb-kubecd-environment-pr-65-2-b-ntch6-1[0m stage [32mfrom-build-pack[0m and container [32mstep-credential-initializer-rp45b[0m
{"level":"warn","ts":1574166897.8753693,"logger":"fallback-logger","caller":"logging/config.go:69","msg":"Fetch GitHub commit ID from kodata failed: \"ref: refs/heads/master\" is not a valid GitHub commit ID"}
{"level":"info","ts":1574166897.8765593,"logger":"fallback-logger","caller":"creds-init/main.go:40","msg":"Credentials initialized."}

Showing logs for build [32mcb-kubecd-environment-pr-65-2-b-ntch6-1[0m stage [32mfrom-build-pack[0m and container [32mstep-working-dir-initializer-vcxbk[0m
{"level":"warn","ts":1574166898.8134296,"logger":"fallback-logger","caller":"logging/config.go:69","msg":"Fetch GitHub commit ID from kodata failed: open /var/run/ko/HEAD: no such file or directory"}
{"level":"info","ts":1574166898.814682,"logger":"fallback-logger","caller":"bash/main.go:65","msg":"Successfully executed command \"mkdir -p /workspace/source\""}

Showing logs for build [32mcb-kubecd-environment-pr-65-2-b-ntch6-1[0m stage [32mfrom-build-pack[0m and container [32mstep-place-tools[0m

Showing logs for build [32mcb-kubecd-environment-pr-65-2-b-ntch6-1[0m stage [32mfrom-build-pack[0m and container [32mstep-git-source-cb-kubecd-environment-pr-65-2-b-8x76t[0m
{"level":"warn","ts":1574166903.9750502,"logger":"fallback-logger","caller":"logging/config.go:69","msg":"Fetch GitHub commit ID from kodata failed: \"ref: refs/heads/master\" is not a valid GitHub commit ID"}
{"level":"info","ts":1574166905.1680226,"logger":"fallback-logger","caller":"git/git.go:102","msg":"Successfully cloned https://github.com/cb-kubecd/environment-pr-65-2-boot-vault-gke-staging.git @ master in path /workspace/source"}

Showing logs for build [32mcb-kubecd-environment-pr-65-2-b-ntch6-1[0m stage [32mfrom-build-pack[0m and container [32mstep-git-merge[0m
Using SHAs from PULL_REFS=master:1c8b9989fe715d350d53dd01fa7955c7ab348194,3:95101e8f87229cacc33d462cef822588af596937
DEBUG: ran git fetch --unshallow origin 95101e8f87229cacc33d462cef822588af596937: 1c8b9989fe715d350d53dd01fa7955c7ab348194: in 
DEBUG: ran git checkout master in 
DEBUG: ran git reset --hard 1c8b9989fe715d350d53dd01fa7955c7ab348194 in 
DEBUG: ran clean --force -d . in 
DEBUG: ran git merge 95101e8f87229cacc33d462cef822588af596937 in 
Merged SHA 95101e8f87229cacc33d462cef822588af596937 with commit message 'chore: Promote bdd-nh-1574165139 to version 0.0.1' into base branch master

Showing logs for build [32mcb-kubecd-environment-pr-65-2-b-ntch6-1[0m stage [32mfrom-build-pack[0m and container [32mstep-build-helm-build[0m
WARNING: No $CHART_REPOSITORY defined so using the default value of: http://jenkins-x-chartmuseum:8080
Adding missing Helm repo: storage.googleapis.com https://storage.googleapis.com/chartmuseum.jenkins-x.io
Read credentials for https://storage.googleapis.com/chartmuseum.jenkins-x.io from vault helm/repos
Successfully added Helm repository storage.googleapis.com.
Adding missing Helm repo: jenkins-x-chartmuseum http://jenkins-x-chartmuseum:8080
Read credentials for http://jenkins-x-chartmuseum:8080 from vault helm/repos
Successfully added Helm repository jenkins-x-chartmuseum.
WARNING: No $CHART_REPOSITORY defined so using the default value of: http://jenkins-x-chartmuseum:8080
Adding missing Helm repo: chartmuseum.jenkins-x.io http://chartmuseum.jenkins-x.io
Read credentials for http://chartmuseum.jenkins-x.io from vault helm/repos
Successfully added Helm repository chartmuseum.jenkins-x.io.
