
Showing logs for build [32mcb-kubecd-environment-pr-65-2-b-n5fns-1[0m stage [32mfrom-build-pack[0m and container [32mstep-credential-initializer-nrm42[0m
{"level":"warn","ts":1574168053.1200438,"logger":"fallback-logger","caller":"logging/config.go:69","msg":"Fetch GitHub commit ID from kodata failed: \"ref: refs/heads/master\" is not a valid GitHub commit ID"}
{"level":"info","ts":1574168053.1210887,"logger":"fallback-logger","caller":"creds-init/main.go:40","msg":"Credentials initialized."}

Showing logs for build [32mcb-kubecd-environment-pr-65-2-b-n5fns-1[0m stage [32mfrom-build-pack[0m and container [32mstep-working-dir-initializer-hj86m[0m
{"level":"warn","ts":1574168054.2225153,"logger":"fallback-logger","caller":"logging/config.go:69","msg":"Fetch GitHub commit ID from kodata failed: open /var/run/ko/HEAD: no such file or directory"}
{"level":"info","ts":1574168054.224455,"logger":"fallback-logger","caller":"bash/main.go:65","msg":"Successfully executed command \"mkdir -p /workspace/source\""}

Showing logs for build [32mcb-kubecd-environment-pr-65-2-b-n5fns-1[0m stage [32mfrom-build-pack[0m and container [32mstep-place-tools[0m

Showing logs for build [32mcb-kubecd-environment-pr-65-2-b-n5fns-1[0m stage [32mfrom-build-pack[0m and container [32mstep-git-source-cb-kubecd-environment-pr-65-2-b-vhrnz[0m
{"level":"warn","ts":1574168059.6535432,"logger":"fallback-logger","caller":"logging/config.go:69","msg":"Fetch GitHub commit ID from kodata failed: \"ref: refs/heads/master\" is not a valid GitHub commit ID"}
{"level":"info","ts":1574168060.7175295,"logger":"fallback-logger","caller":"git/git.go:102","msg":"Successfully cloned https://github.com/cb-kubecd/environment-pr-65-2-boot-vault-gke-staging.git @ master in path /workspace/source"}

Showing logs for build [32mcb-kubecd-environment-pr-65-2-b-n5fns-1[0m stage [32mfrom-build-pack[0m and container [32mstep-git-merge[0m
Using SHAs from PULL_REFS=master:88c8761636983c860c06add44b0f50f822893f33,4:f97bd8bb3f3fa6aec96e6735bdf92b98eb98f569
DEBUG: ran git fetch --unshallow origin f97bd8bb3f3fa6aec96e6735bdf92b98eb98f569: 88c8761636983c860c06add44b0f50f822893f33: in 
DEBUG: ran git checkout master in 
DEBUG: ran git reset --hard 88c8761636983c860c06add44b0f50f822893f33 in 
DEBUG: ran clean --force -d . in 
DEBUG: ran git merge f97bd8bb3f3fa6aec96e6735bdf92b98eb98f569 in 
Merged SHA f97bd8bb3f3fa6aec96e6735bdf92b98eb98f569 with commit message 'chore: Promote bdd-gh-1574165139 to version 0.0.1' into base branch master

Showing logs for build [32mcb-kubecd-environment-pr-65-2-b-n5fns-1[0m stage [32mfrom-build-pack[0m and container [32mstep-build-helm-build[0m
WARNING: No $CHART_REPOSITORY defined so using the default value of: http://jenkins-x-chartmuseum:8080
Adding missing Helm repo: storage.googleapis.com https://storage.googleapis.com/chartmuseum.jenkins-x.io
Read credentials for https://storage.googleapis.com/chartmuseum.jenkins-x.io from vault helm/repos
Successfully added Helm repository storage.googleapis.com.
Adding missing Helm repo: jenkins-x-chartmuseum http://jenkins-x-chartmuseum:8080
Read credentials for http://jenkins-x-chartmuseum:8080 from vault helm/repos
Successfully added Helm repository jenkins-x-chartmuseum.
WARNING: No $CHART_REPOSITORY defined so using the default value of: http://jenkins-x-chartmuseum:8080
Adding missing Helm repo: chartmuseum.jenkins-x.io http://chartmuseum.jenkins-x.io
Read credentials for http://chartmuseum.jenkins-x.io from vault helm/repos
Successfully added Helm repository chartmuseum.jenkins-x.io.
