
Showing logs for build [32mcb-kubecd-environment-pr-65-2-b-nlhl2-1[0m stage [32mfrom-build-pack[0m and container [32mstep-credential-initializer-pbtnf[0m
{"level":"warn","ts":1574163479.3852305,"logger":"fallback-logger","caller":"logging/config.go:69","msg":"Fetch GitHub commit ID from kodata failed: \"ref: refs/heads/master\" is not a valid GitHub commit ID"}
{"level":"info","ts":1574163479.385957,"logger":"fallback-logger","caller":"creds-init/main.go:40","msg":"Credentials initialized."}

Showing logs for build [32mcb-kubecd-environment-pr-65-2-b-nlhl2-1[0m stage [32mfrom-build-pack[0m and container [32mstep-working-dir-initializer-jvfbd[0m
{"level":"warn","ts":1574163480.1709554,"logger":"fallback-logger","caller":"logging/config.go:69","msg":"Fetch GitHub commit ID from kodata failed: open /var/run/ko/HEAD: no such file or directory"}
{"level":"info","ts":1574163480.1728709,"logger":"fallback-logger","caller":"bash/main.go:65","msg":"Successfully executed command \"mkdir -p /workspace/source\""}

Showing logs for build [32mcb-kubecd-environment-pr-65-2-b-nlhl2-1[0m stage [32mfrom-build-pack[0m and container [32mstep-place-tools[0m

Showing logs for build [32mcb-kubecd-environment-pr-65-2-b-nlhl2-1[0m stage [32mfrom-build-pack[0m and container [32mstep-git-source-cb-kubecd-environment-pr-65-2-b-7xzs6[0m
{"level":"warn","ts":1574163486.1797214,"logger":"fallback-logger","caller":"logging/config.go:69","msg":"Fetch GitHub commit ID from kodata failed: \"ref: refs/heads/master\" is not a valid GitHub commit ID"}
{"level":"info","ts":1574163487.2354424,"logger":"fallback-logger","caller":"git/git.go:102","msg":"Successfully cloned https://github.com/cb-kubecd/environment-pr-65-2-boot-vault-gke-staging.git @ master in path /workspace/source"}

Showing logs for build [32mcb-kubecd-environment-pr-65-2-b-nlhl2-1[0m stage [32mfrom-build-pack[0m and container [32mstep-git-merge[0m
Using SHAs from PULL_REFS=master:00d61421e2e90a54ca4e709007cc751cc2205919,1:00f728e2e9d68bf577adffb4beb49bbc8a3573f1
DEBUG: ran git fetch --unshallow origin 00f728e2e9d68bf577adffb4beb49bbc8a3573f1: 00d61421e2e90a54ca4e709007cc751cc2205919: in 
DEBUG: ran git checkout master in 
DEBUG: ran git reset --hard 00d61421e2e90a54ca4e709007cc751cc2205919 in 
DEBUG: ran clean --force -d . in 
DEBUG: ran git merge 00f728e2e9d68bf577adffb4beb49bbc8a3573f1 in 
Merged SHA 00f728e2e9d68bf577adffb4beb49bbc8a3573f1 with commit message 'chore: Promote bdd-spring-1574163031 to version 0.0.1' into base branch master

Showing logs for build [32mcb-kubecd-environment-pr-65-2-b-nlhl2-1[0m stage [32mfrom-build-pack[0m and container [32mstep-build-helm-build[0m
WARNING: No $CHART_REPOSITORY defined so using the default value of: http://jenkins-x-chartmuseum:8080
Adding missing Helm repo: storage.googleapis.com https://storage.googleapis.com/chartmuseum.jenkins-x.io
Read credentials for https://storage.googleapis.com/chartmuseum.jenkins-x.io from vault helm/repos
Successfully added Helm repository storage.googleapis.com.
Adding missing Helm repo: jenkins-x-chartmuseum http://jenkins-x-chartmuseum:8080
Read credentials for http://jenkins-x-chartmuseum:8080 from vault helm/repos
Successfully added Helm repository jenkins-x-chartmuseum.
WARNING: No $CHART_REPOSITORY defined so using the default value of: http://jenkins-x-chartmuseum:8080
Adding missing Helm repo: chartmuseum.jenkins-x.io http://chartmuseum.jenkins-x.io
Read credentials for http://chartmuseum.jenkins-x.io from vault helm/repos
Successfully added Helm repository chartmuseum.jenkins-x.io.
